# JRE version: OpenJDK Runtime Environment (17.0.7) (build 17.0.7+0-b2043.56-10550314)
# Java VM: OpenJDK 64-Bit Server VM (17.0.7+0-b2043.56-10550314, mixed mode, tiered, compressed oops, compressed class ptrs, g1 gc, windows-amd64)
GC Precious Log:
 CPUs: 4 total, 4 available
 Memory: 7601M
 Large Page Support: Disabled
 NUMA Support: Disabled
 Compressed Oops: Enabled (32-bit)
 Heap Region Size: 1M
 Heap Min Capacity: 8M
 Heap Initial Capacity: 120M
 Heap Max Capacity: 2G
 Pre-touch: Disabled
 Parallel Workers: 4
 Concurrent Workers: 1
 Concurrent Refinement Workers: 4
 Periodic GC: Disabled
Heap:
 garbage-first heap   total 422912K, used 293132K [0x0000000080000000, 0x0000000100000000)
  region size 1024K, 6 young (6144K), 6 survivors (6144K)
 Metaspace       used 122777K, committed 123584K, reserved 1179648K
  class space    used 16215K, committed 16576K, reserved 1048576K
GC Heap History (20 events):
Event: 143.002 GC heap after
{Heap after GC invocations=103 (full 0):
 garbage-first heap   total 351232K, used 263669K [0x0000000080000000, 0x0000000100000000)
  region size 1024K, 4 young (4096K), 4 survivors (4096K)
 Metaspace       used 122645K, committed 123456K, reserved 1179648K
  class space    used 16208K, committed 16576K, reserved 1048576K
}
Event: 143.334 GC heap before
{Heap before GC invocations=103 (full 0):
 garbage-first heap   total 351232K, used 303605K [0x0000000080000000, 0x0000000100000000)
  region size 1024K, 43 young (44032K), 4 survivors (4096K)
 Metaspace       used 122649K, committed 123456K, reserved 1179648K
  class space    used 16208K, committed 16576K, reserved 1048576K
}
Event: 143.353 GC heap after
{Heap after GC invocations=104 (full 0):
 garbage-first heap   total 422912K, used 265974K [0x0000000080000000, 0x0000000100000000)
  region size 1024K, 6 young (6144K), 6 survivors (6144K)
 Metaspace       used 122649K, committed 123456K, reserved 1179648K
  class space    used 16208K, committed 16576K, reserved 1048576K
}
Event: 144.446 GC heap before
{Heap before GC invocations=104 (full 0):
 garbage-first heap   total 422912K, used 357110K [0x0000000080000000, 0x0000000100000000)
  region size 1024K, 95 young (97280K), 6 survivors (6144K)
 Metaspace       used 122655K, committed 123456K, reserved 1179648K
  class space    used 16209K, committed 16576K, reserved 1048576K
}
Event: 144.469 GC heap after
{Heap after GC invocations=105 (full 0):
 garbage-first heap   total 422912K, used 271555K [0x0000000080000000, 0x0000000100000000)
  region size 1024K, 11 young (11264K), 11 survivors (11264K)
 Metaspace       used 122655K, committed 123456K, reserved 1179648K
  class space    used 16209K, committed 16576K, reserved 1048576K
}
Event: 145.215 GC heap before
{Heap before GC invocations=105 (full 0):
 garbage-first heap   total 422912K, used 359619K [0x0000000080000000, 0x0000000100000000)
  region size 1024K, 97 young (99328K), 11 survivors (11264K)
 Metaspace       used 122658K, committed 123456K, reserved 1179648K
  class space    used 16209K, committed 16576K, reserved 1048576K
}
Event: 145.259 GC heap after
{Heap after GC invocations=106 (full 0):
 garbage-first heap   total 422912K, used 278770K [0x0000000080000000, 0x0000000100000000)
  region size 1024K, 13 young (13312K), 13 survivors (13312K)
 Metaspace       used 122658K, committed 123456K, reserved 1179648K
  class space    used 16209K, committed 16576K, reserved 1048576K
}
Event: 146.113 GC heap before
{Heap before GC invocations=106 (full 0):
 garbage-first heap   total 422912K, used 359666K [0x0000000080000000, 0x0000000100000000)
  region size 1024K, 92 young (94208K), 13 survivors (13312K)
 Metaspace       used 122660K, committed 123456K, reserved 1179648K
  class space    used 16209K, committed 16576K, reserved 1048576K
}
Event: 146.138 GC heap after
{Heap after GC invocations=107 (full 0):
 garbage-first heap   total 422912K, used 280771K [0x0000000080000000, 0x0000000100000000)
  region size 1024K, 3 young (3072K), 3 survivors (3072K)
 Metaspace       used 122660K, committed 123456K, reserved 1179648K
  class space    used 16209K, committed 16576K, reserved 1048576K
}
Event: 147.862 GC heap before
{Heap before GC invocations=107 (full 0):
 garbage-first heap   total 422912K, used 361667K [0x0000000080000000, 0x0000000100000000)
  region size 1024K, 83 young (84992K), 3 survivors (3072K)
 Metaspace       used 122676K, committed 123456K, reserved 1179648K
  class space    used 16210K, committed 16576K, reserved 1048576K
}
Event: 147.873 GC heap after
{Heap after GC invocations=108 (full 0):
 garbage-first heap   total 422912K, used 281388K [0x0000000080000000, 0x0000000100000000)
  region size 1024K, 4 young (4096K), 4 survivors (4096K)
 Metaspace       used 122676K, committed 123456K, reserved 1179648K
  class space    used 16210K, committed 16576K, reserved 1048576K
}
Event: 148.850 GC heap before
{Heap before GC invocations=108 (full 0):
 garbage-first heap   total 422912K, used 363308K [0x0000000080000000, 0x0000000100000000)
  region size 1024K, 85 young (87040K), 4 survivors (4096K)
 Metaspace       used 122682K, committed 123456K, reserved 1179648K
  class space    used 16210K, committed 16576K, reserved 1048576K
}
Event: 148.871 GC heap after
{Heap after GC invocations=109 (full 0):
 garbage-first heap   total 422912K, used 286223K [0x0000000080000000, 0x0000000100000000)
  region size 1024K, 9 young (9216K), 9 survivors (9216K)
 Metaspace       used 122682K, committed 123456K, reserved 1179648K
  class space    used 16210K, committed 16576K, reserved 1048576K
}
Event: 149.674 GC heap before
{Heap before GC invocations=109 (full 0):
 garbage-first heap   total 422912K, used 364047K [0x0000000080000000, 0x0000000100000000)
  region size 1024K, 85 young (87040K), 9 survivors (9216K)
 Metaspace       used 122740K, committed 123520K, reserved 1179648K
  class space    used 16213K, committed 16576K, reserved 1048576K
}
Event: 149.692 GC heap after
{Heap after GC invocations=110 (full 0):
 garbage-first heap   total 422912K, used 287246K [0x0000000080000000, 0x0000000100000000)
  region size 1024K, 7 young (7168K), 7 survivors (7168K)
 Metaspace       used 122740K, committed 123520K, reserved 1179648K
  class space    used 16213K, committed 16576K, reserved 1048576K
}
Event: 150.353 GC heap before
{Heap before GC invocations=110 (full 0):
 garbage-first heap   total 422912K, used 367118K [0x0000000080000000, 0x0000000100000000)
  region size 1024K, 85 young (87040K), 7 survivors (7168K)
 Metaspace       used 122766K, committed 123584K, reserved 1179648K
  class space    used 16213K, committed 16576K, reserved 1048576K
}
Event: 150.378 GC heap after
{Heap after GC invocations=111 (full 0):
 garbage-first heap   total 422912K, used 290192K [0x0000000080000000, 0x0000000100000000)
  region size 1024K, 5 young (5120K), 5 survivors (5120K)
 Metaspace       used 122766K, committed 123584K, reserved 1179648K
  class space    used 16213K, committed 16576K, reserved 1048576K
}
Event: 151.085 GC heap before
{Heap before GC invocations=111 (full 0):
 garbage-first heap   total 422912K, used 365968K [0x0000000080000000, 0x0000000100000000)
  region size 1024K, 80 young (81920K), 5 survivors (5120K)
 Metaspace       used 122771K, committed 123584K, reserved 1179648K
  class space    used 16213K, committed 16576K, reserved 1048576K
}
Event: 151.110 GC heap after
{Heap after GC invocations=112 (full 0):
 garbage-first heap   total 422912K, used 291345K [0x0000000080000000, 0x0000000100000000)
  region size 1024K, 7 young (7168K), 7 survivors (7168K)
 Metaspace       used 122771K, committed 123584K, reserved 1179648K
  class space    used 16213K, committed 16576K, reserved 1048576K
}
Event: 151.917 GC heap before
{Heap before GC invocations=112 (full 0):
 garbage-first heap   total 422912K, used 367121K [0x0000000080000000, 0x0000000100000000)
  region size 1024K, 81 young (82944K), 7 survivors (7168K)
 Metaspace       used 122777K, committed 123584K, reserved 1179648K
  class space    used 16215K, committed 16576K, reserved 1048576K
}

