# JRE version: OpenJDK Runtime Environment (17.0.7) (build 17.0.7+0-b2043.56-10550314)
# Java VM: OpenJDK 64-Bit Server VM (17.0.7+0-b2043.56-10550314, mixed mode, tiered, compressed oops, compressed class ptrs, g1 gc, windows-amd64)
GC Precious Log:
 CPUs: 4 total, 4 available
 Memory: 7601M
 Large Page Support: Disabled
 NUMA Support: Disabled
 Compressed Oops: Enabled (32-bit)
 Heap Region Size: 1M
 Heap Min Capacity: 8M
 Heap Initial Capacity: 120M
 Heap Max Capacity: 2G
 Pre-touch: Disabled
 Parallel Workers: 4
 Concurrent Workers: 1
 Concurrent Refinement Workers: 4
 Periodic GC: Disabled
Heap:
 garbage-first heap   total 430080K, used 261120K [0x0000000080000000, 0x0000000100000000)
  region size 1024K, 11 young (11264K), 11 survivors (11264K)
 Metaspace       used 162762K, committed 164032K, reserved 1245184K
  class space    used 21453K, committed 22080K, reserved 1048576K
GC Heap History (20 events):
Event: 2406.885 GC heap after
{Heap after GC invocations=92 (full 0):
 garbage-first heap   total 343040K, used 198709K [0x0000000080000000, 0x0000000100000000)
  region size 1024K, 2 young (2048K), 2 survivors (2048K)
 Metaspace       used 156531K, committed 157568K, reserved 1245184K
  class space    used 20818K, committed 21312K, reserved 1048576K
}
Event: 2444.204 GC heap before
{Heap before GC invocations=92 (full 0):
 garbage-first heap   total 343040K, used 282677K [0x0000000080000000, 0x0000000100000000)
  region size 1024K, 85 young (87040K), 2 survivors (2048K)
 Metaspace       used 158031K, committed 159296K, reserved 1245184K
  class space    used 21020K, committed 21632K, reserved 1048576K
}
Event: 2444.221 GC heap after
{Heap after GC invocations=93 (full 0):
 garbage-first heap   total 343040K, used 201101K [0x0000000080000000, 0x0000000100000000)
  region size 1024K, 4 young (4096K), 4 survivors (4096K)
 Metaspace       used 158031K, committed 159296K, reserved 1245184K
  class space    used 21020K, committed 21632K, reserved 1048576K
}
Event: 3117.059 GC heap before
{Heap before GC invocations=94 (full 0):
 garbage-first heap   total 360448K, used 285069K [0x0000000080000000, 0x0000000100000000)
  region size 1024K, 86 young (88064K), 4 survivors (4096K)
 Metaspace       used 159940K, committed 161216K, reserved 1245184K
  class space    used 21274K, committed 21888K, reserved 1048576K
}
Event: 3117.100 GC heap after
{Heap after GC invocations=95 (full 0):
 garbage-first heap   total 360448K, used 209482K [0x0000000080000000, 0x0000000100000000)
  region size 1024K, 11 young (11264K), 11 survivors (11264K)
 Metaspace       used 159940K, committed 161216K, reserved 1245184K
  class space    used 21274K, committed 21888K, reserved 1048576K
}
Event: 3117.441 GC heap before
{Heap before GC invocations=95 (full 0):
 garbage-first heap   total 360448K, used 214602K [0x0000000080000000, 0x0000000100000000)
  region size 1024K, 17 young (17408K), 11 survivors (11264K)
 Metaspace       used 159945K, committed 161216K, reserved 1245184K
  class space    used 21274K, committed 21888K, reserved 1048576K
}
Event: 3117.484 GC heap after
{Heap after GC invocations=96 (full 0):
 garbage-first heap   total 360448K, used 207947K [0x0000000080000000, 0x0000000100000000)
  region size 1024K, 2 young (2048K), 2 survivors (2048K)
 Metaspace       used 159945K, committed 161216K, reserved 1245184K
  class space    used 21274K, committed 21888K, reserved 1048576K
}
Event: 3119.075 GC heap before
{Heap before GC invocations=96 (full 0):
 garbage-first heap   total 360448K, used 229451K [0x0000000080000000, 0x0000000100000000)
  region size 1024K, 25 young (25600K), 2 survivors (2048K)
 Metaspace       used 160072K, committed 161344K, reserved 1245184K
  class space    used 21284K, committed 21888K, reserved 1048576K
}
Event: 3119.088 GC heap after
{Heap after GC invocations=97 (full 0):
 garbage-first heap   total 360448K, used 208931K [0x0000000080000000, 0x0000000100000000)
  region size 1024K, 3 young (3072K), 3 survivors (3072K)
 Metaspace       used 160072K, committed 161344K, reserved 1245184K
  class space    used 21284K, committed 21888K, reserved 1048576K
}
Event: 3128.200 GC heap before
{Heap before GC invocations=98 (full 0):
 garbage-first heap   total 393216K, used 310307K [0x0000000080000000, 0x0000000100000000)
  region size 1024K, 92 young (94208K), 3 survivors (3072K)
 Metaspace       used 160072K, committed 161408K, reserved 1245184K
  class space    used 21231K, committed 21888K, reserved 1048576K
}
Event: 3128.269 GC heap after
{Heap after GC invocations=99 (full 0):
 garbage-first heap   total 393216K, used 247808K [0x0000000080000000, 0x0000000100000000)
  region size 1024K, 12 young (12288K), 12 survivors (12288K)
 Metaspace       used 160072K, committed 161408K, reserved 1245184K
  class space    used 21231K, committed 21888K, reserved 1048576K
}
Event: 3128.591 GC heap before
{Heap before GC invocations=99 (full 0):
 garbage-first heap   total 393216K, used 254976K [0x0000000080000000, 0x0000000100000000)
  region size 1024K, 19 young (19456K), 12 survivors (12288K)
 Metaspace       used 160072K, committed 161408K, reserved 1245184K
  class space    used 21231K, committed 21888K, reserved 1048576K
}
Event: 3128.656 GC heap after
{Heap after GC invocations=100 (full 0):
 garbage-first heap   total 393216K, used 240128K [0x0000000080000000, 0x0000000100000000)
  region size 1024K, 3 young (3072K), 3 survivors (3072K)
 Metaspace       used 160072K, committed 161408K, reserved 1245184K
  class space    used 21231K, committed 21888K, reserved 1048576K
}
Event: 3131.331 GC heap before
{Heap before GC invocations=100 (full 0):
 garbage-first heap   total 393216K, used 258560K [0x0000000080000000, 0x0000000100000000)
  region size 1024K, 22 young (22528K), 3 survivors (3072K)
 Metaspace       used 160128K, committed 161472K, reserved 1245184K
  class space    used 21232K, committed 21888K, reserved 1048576K
}
Event: 3131.362 GC heap after
{Heap after GC invocations=101 (full 0):
 garbage-first heap   total 393216K, used 244458K [0x0000000080000000, 0x0000000100000000)
  region size 1024K, 8 young (8192K), 8 survivors (8192K)
 Metaspace       used 160128K, committed 161472K, reserved 1245184K
  class space    used 21232K, committed 21888K, reserved 1048576K
}
Event: 3134.924 GC heap before
{Heap before GC invocations=102 (full 0):
 garbage-first heap   total 430080K, used 340714K [0x0000000080000000, 0x0000000100000000)
  region size 1024K, 67 young (68608K), 8 survivors (8192K)
 Metaspace       used 160284K, committed 161600K, reserved 1245184K
  class space    used 21240K, committed 21888K, reserved 1048576K
}
Event: 3134.959 GC heap after
{Heap after GC invocations=103 (full 0):
 garbage-first heap   total 430080K, used 250678K [0x0000000080000000, 0x0000000100000000)
  region size 1024K, 9 young (9216K), 9 survivors (9216K)
 Metaspace       used 160284K, committed 161600K, reserved 1245184K
  class space    used 21240K, committed 21888K, reserved 1048576K
}
Event: 3135.045 GC heap before
{Heap before GC invocations=103 (full 0):
 garbage-first heap   total 430080K, used 261942K [0x0000000080000000, 0x0000000100000000)
  region size 1024K, 21 young (21504K), 9 survivors (9216K)
 Metaspace       used 160293K, committed 161600K, reserved 1245184K
  class space    used 21240K, committed 21888K, reserved 1048576K
}
Event: 3135.091 GC heap after
{Heap after GC invocations=104 (full 0):
 garbage-first heap   total 430080K, used 250880K [0x0000000080000000, 0x0000000100000000)
  region size 1024K, 3 young (3072K), 3 survivors (3072K)
 Metaspace       used 160293K, committed 161600K, reserved 1245184K
  class space    used 21240K, committed 21888K, reserved 1048576K
}
Event: 3141.195 GC heap before
{Heap before GC invocations=104 (full 0):
 garbage-first heap   total 430080K, used 331776K [0x0000000080000000, 0x0000000100000000)
  region size 1024K, 83 young (84992K), 3 survivors (3072K)
 Metaspace       used 162762K, committed 164032K, reserved 1245184K
  class space    used 21453K, committed 22080K, reserved 1048576K
}

